C:\USERS\LUSHI\DOCUMENTS\VISUAL STUDIO 2010\PROJECTS\вар13\DEBUG\вар13.EXE
C:\USERS\LUSHI\DOCUMENTS\VISUAL STUDIO 2010\PROJECTS\вар13\DEBUG\вар13.ILK
C:\USERS\LUSHI\DOCUMENTS\VISUAL STUDIO 2010\PROJECTS\ВАР13\DEBUG\ВАР13.PDB
C:\Users\lushi\documents\visual studio 2010\Projects\вар13\вар13\Debug\cl.command.1.tlog
C:\Users\lushi\documents\visual studio 2010\Projects\вар13\вар13\Debug\CL.read.1.tlog
C:\Users\lushi\documents\visual studio 2010\Projects\вар13\вар13\Debug\CL.write.1.tlog
C:\Users\lushi\documents\visual studio 2010\Projects\вар13\вар13\Debug\link.9096.read.1.tlog
C:\Users\lushi\documents\visual studio 2010\Projects\вар13\вар13\Debug\link.9096.write.1.tlog
C:\Users\lushi\documents\visual studio 2010\Projects\вар13\вар13\Debug\link.9096-cvtres.read.1.tlog
C:\Users\lushi\documents\visual studio 2010\Projects\вар13\вар13\Debug\link.9096-cvtres.write.1.tlog
C:\Users\lushi\documents\visual studio 2010\Projects\вар13\вар13\Debug\link.command.1.tlog
C:\Users\lushi\documents\visual studio 2010\Projects\вар13\вар13\Debug\link.read.1.tlog
C:\Users\lushi\documents\visual studio 2010\Projects\вар13\вар13\Debug\link.write.1.tlog
C:\Users\lushi\documents\visual studio 2010\Projects\вар13\вар13\Debug\link-cvtres.read.1.tlog
C:\Users\lushi\documents\visual studio 2010\Projects\вар13\вар13\Debug\link-cvtres.write.1.tlog
C:\Users\lushi\documents\visual studio 2010\Projects\вар13\вар13\Debug\mt.command.1.tlog
C:\Users\lushi\documents\visual studio 2010\Projects\вар13\вар13\Debug\mt.read.1.tlog
C:\Users\lushi\documents\visual studio 2010\Projects\вар13\вар13\Debug\mt.write.1.tlog
C:\Users\lushi\documents\visual studio 2010\Projects\вар13\вар13\Debug\rc.command.1.tlog
C:\Users\lushi\documents\visual studio 2010\Projects\вар13\вар13\Debug\rc.read.1.tlog
C:\Users\lushi\documents\visual studio 2010\Projects\вар13\вар13\Debug\rc.write.1.tlog
C:\USERS\LUSHI\DOCUMENTS\VISUAL STUDIO 2010\PROJECTS\вар13\вар13\DEBUG\STDAFX.OBJ
C:\Users\lushi\documents\visual studio 2010\Projects\вар13\вар13\Debug\vc100.idb
C:\USERS\LUSHI\DOCUMENTS\VISUAL STUDIO 2010\PROJECTS\ВАР13\ВАР13\DEBUG\VC100.PDB
C:\USERS\LUSHI\DOCUMENTS\VISUAL STUDIO 2010\PROJECTS\вар13\вар13\DEBUG\вар13.EXE.EMBED.MANIFEST
C:\USERS\LUSHI\DOCUMENTS\VISUAL STUDIO 2010\PROJECTS\вар13\вар13\DEBUG\вар13.EXE.EMBED.MANIFEST.RES
C:\USERS\LUSHI\DOCUMENTS\VISUAL STUDIO 2010\PROJECTS\вар13\вар13\DEBUG\вар13.EXE.INTERMEDIATE.MANIFEST
C:\USERS\LUSHI\DOCUMENTS\VISUAL STUDIO 2010\PROJECTS\вар13\вар13\DEBUG\вар13.OBJ
C:\USERS\LUSHI\DOCUMENTS\VISUAL STUDIO 2010\PROJECTS\вар13\вар13\DEBUG\вар13.PCH
C:\Users\lushi\documents\visual studio 2010\Projects\вар13\вар13\Debug\вар13.vcxprojResolveAssemblyReference.cache
C:\Users\lushi\documents\visual studio 2010\Projects\вар13\вар13\Debug\вар13.write.1.tlog
C:\Users\lushi\documents\visual studio 2010\Projects\вар13\вар13\Debug\вар13_manifest.rc
